# JRE version: OpenJDK Runtime Environment (21.0.6) (build 21.0.6+-13368085-b895.109)
# Java VM: OpenJDK 64-Bit Server VM (21.0.6+-13368085-b895.109, mixed mode, tiered, compressed oops, compressed class ptrs, g1 gc, windows-amd64)
GC Precious Log:
 CardTable entry size: 512
 Card Set container configuration: InlinePtr #cards 5 size 8 Array Of Cards #cards 12 size 40 Howl #buckets 4 coarsen threshold 1843 Howl Bitmap #cards 512 size 80 coarsen threshold 460 Card regions per heap region 1 cards per card region 2048
 CPUs: 4 total, 4 available
 Memory: 8060M
 Large Page Support: Disabled
 NUMA Support: Disabled
 Compressed Oops: Enabled (32-bit)
 Heap Region Size: 1M
 Heap Min Capacity: 8M
 Heap Initial Capacity: 126M
 Heap Max Capacity: 2G
 Pre-touch: Disabled
 Parallel Workers: 4
 Concurrent Workers: 1
 Concurrent Refinement Workers: 4
 Periodic GC: Disabled
Heap:
 garbage-first heap   total 299008K, used 253440K [0x0000000080000000, 0x0000000100000000)
  region size 1024K, 51 young (52224K), 9 survivors (9216K)
 Metaspace       used 132861K, committed 135360K, reserved 1179648K
  class space    used 17660K, committed 18944K, reserved 1048576K
GC Heap History (20 events):
Event: 18.253 GC heap before
{Heap before GC invocations=40 (full 0):
 garbage-first heap   total 222208K, used 201728K [0x0000000080000000, 0x0000000100000000)
  region size 1024K, 67 young (68608K), 8 survivors (8192K)
 Metaspace       used 102199K, committed 104384K, reserved 1179648K
  class space    used 13934K, committed 15040K, reserved 1048576K
}
Event: 18.265 GC heap after
{Heap after GC invocations=41 (full 0):
 garbage-first heap   total 222208K, used 144025K [0x0000000080000000, 0x0000000100000000)
  region size 1024K, 5 young (5120K), 5 survivors (5120K)
 Metaspace       used 102199K, committed 104384K, reserved 1179648K
  class space    used 13934K, committed 15040K, reserved 1048576K
}
Event: 18.623 GC heap before
{Heap before GC invocations=41 (full 0):
 garbage-first heap   total 222208K, used 203417K [0x0000000080000000, 0x0000000100000000)
  region size 1024K, 63 young (64512K), 5 survivors (5120K)
 Metaspace       used 102200K, committed 104448K, reserved 1179648K
  class space    used 13934K, committed 15040K, reserved 1048576K
}
Event: 18.631 GC heap after
{Heap after GC invocations=42 (full 0):
 garbage-first heap   total 222208K, used 146798K [0x0000000080000000, 0x0000000100000000)
  region size 1024K, 5 young (5120K), 5 survivors (5120K)
 Metaspace       used 102200K, committed 104448K, reserved 1179648K
  class space    used 13934K, committed 15040K, reserved 1048576K
}
Event: 19.042 GC heap before
{Heap before GC invocations=43 (full 0):
 garbage-first heap   total 245760K, used 204142K [0x0000000080000000, 0x0000000100000000)
  region size 1024K, 61 young (62464K), 5 survivors (5120K)
 Metaspace       used 102200K, committed 104448K, reserved 1179648K
  class space    used 13934K, committed 15040K, reserved 1048576K
}
Event: 19.051 GC heap after
{Heap after GC invocations=44 (full 0):
 garbage-first heap   total 245760K, used 149513K [0x0000000080000000, 0x0000000100000000)
  region size 1024K, 6 young (6144K), 6 survivors (6144K)
 Metaspace       used 102200K, committed 104448K, reserved 1179648K
  class space    used 13934K, committed 15040K, reserved 1048576K
}
Event: 20.274 GC heap before
{Heap before GC invocations=44 (full 0):
 garbage-first heap   total 245760K, used 222217K [0x0000000080000000, 0x0000000100000000)
  region size 1024K, 76 young (77824K), 6 survivors (6144K)
 Metaspace       used 109443K, committed 111680K, reserved 1179648K
  class space    used 14817K, committed 15936K, reserved 1048576K
}
Event: 20.286 GC heap after
{Heap after GC invocations=45 (full 0):
 garbage-first heap   total 245760K, used 150883K [0x0000000080000000, 0x0000000100000000)
  region size 1024K, 10 young (10240K), 10 survivors (10240K)
 Metaspace       used 109443K, committed 111680K, reserved 1179648K
  class space    used 14817K, committed 15936K, reserved 1048576K
}
Event: 21.452 GC heap before
{Heap before GC invocations=45 (full 0):
 garbage-first heap   total 245760K, used 207203K [0x0000000080000000, 0x0000000100000000)
  region size 1024K, 67 young (68608K), 10 survivors (10240K)
 Metaspace       used 115503K, committed 117888K, reserved 1179648K
  class space    used 15572K, committed 16768K, reserved 1048576K
}
Event: 21.466 GC heap after
{Heap after GC invocations=46 (full 0):
 garbage-first heap   total 245760K, used 154737K [0x0000000080000000, 0x0000000100000000)
  region size 1024K, 8 young (8192K), 8 survivors (8192K)
 Metaspace       used 115503K, committed 117888K, reserved 1179648K
  class space    used 15572K, committed 16768K, reserved 1048576K
}
Event: 22.496 GC heap before
{Heap before GC invocations=47 (full 0):
 garbage-first heap   total 268288K, used 226417K [0x0000000080000000, 0x0000000100000000)
  region size 1024K, 74 young (75776K), 8 survivors (8192K)
 Metaspace       used 118103K, committed 120320K, reserved 1179648K
  class space    used 15787K, committed 16896K, reserved 1048576K
}
Event: 22.512 GC heap after
{Heap after GC invocations=48 (full 0):
 garbage-first heap   total 268288K, used 160633K [0x0000000080000000, 0x0000000100000000)
  region size 1024K, 10 young (10240K), 10 survivors (10240K)
 Metaspace       used 118103K, committed 120320K, reserved 1179648K
  class space    used 15787K, committed 16896K, reserved 1048576K
}
Event: 34.023 GC heap before
{Heap before GC invocations=48 (full 0):
 garbage-first heap   total 268288K, used 242553K [0x0000000080000000, 0x0000000100000000)
  region size 1024K, 91 young (93184K), 10 survivors (10240K)
 Metaspace       used 125977K, committed 128384K, reserved 1179648K
  class space    used 16798K, committed 17984K, reserved 1048576K
}
Event: 34.045 GC heap after
{Heap after GC invocations=49 (full 0):
 garbage-first heap   total 268288K, used 166236K [0x0000000080000000, 0x0000000100000000)
  region size 1024K, 7 young (7168K), 7 survivors (7168K)
 Metaspace       used 125977K, committed 128384K, reserved 1179648K
  class space    used 16798K, committed 17984K, reserved 1048576K
}
Event: 618.529 GC heap before
{Heap before GC invocations=49 (full 0):
 garbage-first heap   total 268288K, used 244060K [0x0000000080000000, 0x0000000100000000)
  region size 1024K, 84 young (86016K), 7 survivors (7168K)
 Metaspace       used 127203K, committed 129600K, reserved 1179648K
  class space    used 16917K, committed 18112K, reserved 1048576K
}
Event: 618.547 GC heap after
{Heap after GC invocations=50 (full 0):
 garbage-first heap   total 268288K, used 171072K [0x0000000080000000, 0x0000000100000000)
  region size 1024K, 6 young (6144K), 6 survivors (6144K)
 Metaspace       used 127203K, committed 129600K, reserved 1179648K
  class space    used 16917K, committed 18112K, reserved 1048576K
}
Event: 620.585 GC heap before
{Heap before GC invocations=50 (full 0):
 garbage-first heap   total 268288K, used 245824K [0x0000000080000000, 0x0000000100000000)
  region size 1024K, 80 young (81920K), 6 survivors (6144K)
 Metaspace       used 130614K, committed 133120K, reserved 1179648K
  class space    used 17463K, committed 18752K, reserved 1048576K
}
Event: 620.628 GC heap after
{Heap after GC invocations=51 (full 0):
 garbage-first heap   total 268288K, used 178740K [0x0000000080000000, 0x0000000100000000)
  region size 1024K, 8 young (8192K), 8 survivors (8192K)
 Metaspace       used 130614K, committed 133120K, reserved 1179648K
  class space    used 17463K, committed 18752K, reserved 1048576K
}
Event: 623.488 GC heap before
{Heap before GC invocations=52 (full 0):
 garbage-first heap   total 299008K, used 251444K [0x0000000080000000, 0x0000000100000000)
  region size 1024K, 71 young (72704K), 8 survivors (8192K)
 Metaspace       used 132246K, committed 134720K, reserved 1179648K
  class space    used 17608K, committed 18880K, reserved 1048576K
}
Event: 623.531 GC heap after
{Heap after GC invocations=53 (full 0):
 garbage-first heap   total 299008K, used 205312K [0x0000000080000000, 0x0000000100000000)
  region size 1024K, 9 young (9216K), 9 survivors (9216K)
 Metaspace       used 132246K, committed 134720K, reserved 1179648K
  class space    used 17608K, committed 18880K, reserved 1048576K
}

